<?xml version="1.0" encoding="UTF-8"?>
<testsuite xmlns:xsi="http://www.w3.org/2001/XMLSchema-instance" xsi:noNamespaceSchemaLocation="https://maven.apache.org/surefire/maven-surefire-plugin/xsd/surefire-test-report-3.0.xsd" version="3.0" name="org.real.temp.Tester" time="0.077" tests="5" errors="0" skipped="0" failures="0">
  <properties>
    <property name="sun.desktop" value="windows"/>
    <property name="awt.toolkit" value="sun.awt.windows.WToolkit"/>
    <property name="java.specification.version" value="11"/>
    <property name="sun.cpu.isalist" value="amd64"/>
    <property name="sun.jnu.encoding" value="GBK"/>
    <property name="java.class.path" value="E:\code\code_back\python_project\RealisticEval-Data\envs\java\target\test-classes;E:\code\code_back\python_project\RealisticEval-Data\envs\java\target\classes;D:\sdk\maven-repository\org\junit\jupiter\junit-jupiter-api\5.7.0\junit-jupiter-api-5.7.0.jar;D:\sdk\maven-repository\org\apiguardian\apiguardian-api\1.1.0\apiguardian-api-1.1.0.jar;D:\sdk\maven-repository\org\opentest4j\opentest4j\1.2.0\opentest4j-1.2.0.jar;D:\sdk\maven-repository\org\junit\platform\junit-platform-commons\1.7.0\junit-platform-commons-1.7.0.jar;D:\sdk\maven-repository\org\jsoup\jsoup\1.14.3\jsoup-1.14.3.jar;D:\sdk\maven-repository\org\slf4j\slf4j-api\1.7.32\slf4j-api-1.7.32.jar;D:\sdk\maven-repository\org\json\json\20210307\json-20210307.jar;"/>
    <property name="java.vm.vendor" value="Oracle Corporation"/>
    <property name="sun.arch.data.model" value="64"/>
    <property name="user.variant" value=""/>
    <property name="java.vendor.url" value="https://openjdk.java.net/"/>
    <property name="user.timezone" value="Asia/Shanghai"/>
    <property name="java.vm.specification.version" value="11"/>
    <property name="os.name" value="Windows 11"/>
    <property name="sun.java.launcher" value="SUN_STANDARD"/>
    <property name="user.country" value="CN"/>
    <property name="sun.boot.library.path" value="D:\sdk\java\bin"/>
    <property name="sun.java.command" value="D:\cache\user_temp\surefire2572607377516585493\surefirebooter-20241009121539501_3.jar D:\cache\user_temp\surefire2572607377516585493 2024-10-09T12-15-39_219-jvmRun1 surefire-20241009121539501_1tmp surefire_0-20241009121539501_2tmp"/>
    <property name="jdk.debug" value="release"/>
    <property name="surefire.test.class.path" value="E:\code\code_back\python_project\RealisticEval-Data\envs\java\target\test-classes;E:\code\code_back\python_project\RealisticEval-Data\envs\java\target\classes;D:\sdk\maven-repository\org\junit\jupiter\junit-jupiter-api\5.7.0\junit-jupiter-api-5.7.0.jar;D:\sdk\maven-repository\org\apiguardian\apiguardian-api\1.1.0\apiguardian-api-1.1.0.jar;D:\sdk\maven-repository\org\opentest4j\opentest4j\1.2.0\opentest4j-1.2.0.jar;D:\sdk\maven-repository\org\junit\platform\junit-platform-commons\1.7.0\junit-platform-commons-1.7.0.jar;D:\sdk\maven-repository\org\jsoup\jsoup\1.14.3\jsoup-1.14.3.jar;D:\sdk\maven-repository\org\slf4j\slf4j-api\1.7.32\slf4j-api-1.7.32.jar;D:\sdk\maven-repository\org\json\json\20210307\json-20210307.jar;"/>
    <property name="sun.cpu.endian" value="little"/>
    <property name="user.home" value="C:\Users\pluto"/>
    <property name="user.language" value="zh"/>
    <property name="java.specification.vendor" value="Oracle Corporation"/>
    <property name="java.version.date" value="2024-01-16"/>
    <property name="java.home" value="D:\sdk\java"/>
    <property name="file.separator" value="\"/>
    <property name="style.color" value="never"/>
    <property name="basedir" value="E:\code\code_back\python_project\RealisticEval-Data\envs\java"/>
    <property name="java.vm.compressedOopsMode" value="Zero based"/>
    <property name="line.separator" value="&#10;"/>
    <property name="java.specification.name" value="Java Platform API Specification"/>
    <property name="java.vm.specification.vendor" value="Oracle Corporation"/>
    <property name="java.awt.graphicsenv" value="sun.awt.Win32GraphicsEnvironment"/>
    <property name="surefire.real.class.path" value="D:\cache\user_temp\surefire2572607377516585493\surefirebooter-20241009121539501_3.jar"/>
    <property name="user.script" value=""/>
    <property name="sun.management.compiler" value="HotSpot 64-Bit Tiered Compilers"/>
    <property name="java.runtime.version" value="11.0.22+9-LTS-219"/>
    <property name="user.name" value="pluto"/>
    <property name="path.separator" value=";"/>
    <property name="os.version" value="10.0"/>
    <property name="java.runtime.name" value="Java(TM) SE Runtime Environment"/>
    <property name="file.encoding" value="GBK"/>
    <property name="java.vm.name" value="Java HotSpot(TM) 64-Bit Server VM"/>
    <property name="java.vendor.version" value="18.9"/>
    <property name="localRepository" value="D:\sdk\maven-repository"/>
    <property name="java.vendor.url.bug" value="https://bugreport.java.com/bugreport/"/>
    <property name="java.io.tmpdir" value="D:\cache\user_temp\"/>
    <property name="java.version" value="11.0.22"/>
    <property name="user.dir" value="E:\code\code_back\python_project\RealisticEval-Data\envs\java"/>
    <property name="os.arch" value="amd64"/>
    <property name="java.vm.specification.name" value="Java Virtual Machine Specification"/>
    <property name="java.awt.printerjob" value="sun.awt.windows.WPrinterJob"/>
    <property name="sun.os.patch.level" value=""/>
    <property name="java.library.path" value="D:\sdk\java\bin;C:\WINDOWS\Sun\Java\bin;C:\WINDOWS\system32;C:\WINDOWS;D:\sdk\python\venvs\realisticeval\Scripts;D:\tool\cuda_doc\bin;D:\tool\cuda_doc\libnvvp;D:\tool\vmware\bin\;C:\Program Files\Common Files\Oracle\Java\javapath;C:\Windows\system32;C:\Windows;C:\Windows\System32\Wbem;C:\Windows\System32\WindowsPowerShell\v1.0\;C:\Windows\System32\OpenSSH\;C:\Program Files (x86)\NVIDIA Corporation\PhysX\Common;C:\Program Files\NVIDIA Corporation\NVIDIA NvDLISR;C:\WINDOWS\system32;C:\WINDOWS;C:\WINDOWS\System32\Wbem;C:\WINDOWS\System32\WindowsPowerShell\v1.0\;C:\WINDOWS\System32\OpenSSH\;D:\sdk\java\bin;D:\sdk\mingw64\bin;D:\sdk\maven\bin;D:\tool\git\Git\cmd;D:\sdk\golang\bin;D:\sdk\go_path\bin;D:\sdk\node\;D:\sdk\node\node_global\node_modules;C:\Program Files\dotnet\;C:\Program Files\NVIDIA Corporation\Nsight Compute 2022.3.0\;D:\tool\cuda_doc\include;D:\tool\cuda_doc\lib;D:\tool\cuda_doc\libnvvp;E:\tomcat\bin;D:\tool\cmake\bin;C:\Program Files (x86)\ZeroTier\One\;C:\Users\pluto\AppData\Local\Microsoft\WindowsApps;D:\sdk\node\node_global;D:\dev\vscode\Microsoft VS Code\bin;."/>
    <property name="java.vendor" value="Oracle Corporation"/>
    <property name="java.vm.info" value="mixed mode"/>
    <property name="java.vm.version" value="11.0.22+9-LTS-219"/>
    <property name="java.specification.maintenance.version" value="2"/>
    <property name="sun.io.unicode.encoding" value="UnicodeLittle"/>
    <property name="java.class.version" value="55.0"/>
  </properties>
  <testcase name="testReadValidCsv" classname="org.real.temp.Tester" time="0.043"/>
  <testcase name="testReadCsvWithQuotes" classname="org.real.temp.Tester" time="0.008"/>
  <testcase name="testReadEmptyCsv" classname="org.real.temp.Tester" time="0.001"/>
  <testcase name="testReadCsvWithDifferentDelimiters" classname="org.real.temp.Tester" time="0.007"/>
  <testcase name="testReadInvalidCsvFile" classname="org.real.temp.Tester" time="0.003"/>
</testsuite>