<?xml version="1.0" encoding="UTF-8"?>
<testsuite xmlns:xsi="http://www.w3.org/2001/XMLSchema-instance" xsi:noNamespaceSchemaLocation="https://maven.apache.org/surefire/maven-surefire-plugin/xsd/surefire-test-report-3.0.xsd" version="3.0" name="org.rel.temp.TestTempFunc" time="0.033" tests="1" errors="0" skipped="0" failures="0">
  <properties>
    <property name="sun.desktop" value="windows"/>
    <property name="awt.toolkit" value="sun.awt.windows.WToolkit"/>
    <property name="java.specification.version" value="11"/>
    <property name="sun.cpu.isalist" value="amd64"/>
    <property name="sun.jnu.encoding" value="GBK"/>
    <property name="java.class.path" value="X:\code\python_project\RealisticEval-Data\envs\java\target\test-classes;X:\code\python_project\RealisticEval-Data\envs\java\target\classes;E:\sdk\maven-repository\org\junit\jupiter\junit-jupiter-api\5.7.0\junit-jupiter-api-5.7.0.jar;E:\sdk\maven-repository\org\apiguardian\apiguardian-api\1.1.0\apiguardian-api-1.1.0.jar;E:\sdk\maven-repository\org\opentest4j\opentest4j\1.2.0\opentest4j-1.2.0.jar;E:\sdk\maven-repository\org\junit\platform\junit-platform-commons\1.7.0\junit-platform-commons-1.7.0.jar;E:\sdk\maven-repository\org\jsoup\jsoup\1.14.3\jsoup-1.14.3.jar;E:\sdk\maven-repository\org\slf4j\slf4j-api\1.7.32\slf4j-api-1.7.32.jar;"/>
    <property name="java.vm.vendor" value="Oracle Corporation"/>
    <property name="sun.arch.data.model" value="64"/>
    <property name="user.variant" value=""/>
    <property name="java.vendor.url" value="http://java.oracle.com/"/>
    <property name="user.timezone" value="Asia/Shanghai"/>
    <property name="java.vm.specification.version" value="11"/>
    <property name="os.name" value="Windows 10"/>
    <property name="sun.java.launcher" value="SUN_STANDARD"/>
    <property name="user.country" value="CN"/>
    <property name="sun.boot.library.path" value="E:\sdk\java\bin"/>
    <property name="sun.java.command" value="E:\cache\user_temp\surefire1022626521555443202\surefirebooter-20240925173212529_3.jar E:\cache\user_temp\surefire1022626521555443202 2024-09-25T17-32-12_104-jvmRun1 surefire-20240925173212529_1tmp surefire_0-20240925173212529_2tmp"/>
    <property name="jdk.debug" value="release"/>
    <property name="surefire.test.class.path" value="X:\code\python_project\RealisticEval-Data\envs\java\target\test-classes;X:\code\python_project\RealisticEval-Data\envs\java\target\classes;E:\sdk\maven-repository\org\junit\jupiter\junit-jupiter-api\5.7.0\junit-jupiter-api-5.7.0.jar;E:\sdk\maven-repository\org\apiguardian\apiguardian-api\1.1.0\apiguardian-api-1.1.0.jar;E:\sdk\maven-repository\org\opentest4j\opentest4j\1.2.0\opentest4j-1.2.0.jar;E:\sdk\maven-repository\org\junit\platform\junit-platform-commons\1.7.0\junit-platform-commons-1.7.0.jar;E:\sdk\maven-repository\org\jsoup\jsoup\1.14.3\jsoup-1.14.3.jar;E:\sdk\maven-repository\org\slf4j\slf4j-api\1.7.32\slf4j-api-1.7.32.jar;"/>
    <property name="sun.cpu.endian" value="little"/>
    <property name="user.home" value="C:\Users\pluto"/>
    <property name="user.language" value="zh"/>
    <property name="java.specification.vendor" value="Oracle Corporation"/>
    <property name="java.version.date" value="2020-01-14"/>
    <property name="java.home" value="E:\sdk\java"/>
    <property name="file.separator" value="\"/>
    <property name="basedir" value="X:\code\python_project\RealisticEval-Data\envs\java"/>
    <property name="java.vm.compressedOopsMode" value="Zero based"/>
    <property name="line.separator" value="&#10;"/>
    <property name="java.specification.name" value="Java Platform API Specification"/>
    <property name="java.vm.specification.vendor" value="Oracle Corporation"/>
    <property name="java.awt.graphicsenv" value="sun.awt.Win32GraphicsEnvironment"/>
    <property name="surefire.real.class.path" value="E:\cache\user_temp\surefire1022626521555443202\surefirebooter-20240925173212529_3.jar"/>
    <property name="user.script" value=""/>
    <property name="sun.management.compiler" value="HotSpot 64-Bit Tiered Compilers"/>
    <property name="java.runtime.version" value="11.0.6+8-LTS"/>
    <property name="user.name" value="pluto"/>
    <property name="path.separator" value=";"/>
    <property name="os.version" value="10.0"/>
    <property name="java.runtime.name" value="Java(TM) SE Runtime Environment"/>
    <property name="file.encoding" value="GBK"/>
    <property name="java.vm.name" value="Java HotSpot(TM) 64-Bit Server VM"/>
    <property name="java.vendor.version" value="18.9"/>
    <property name="localRepository" value="E:\sdk\maven-repository"/>
    <property name="java.vendor.url.bug" value="http://bugreport.java.com/bugreport/"/>
    <property name="java.io.tmpdir" value="E:\cache\user_temp\"/>
    <property name="java.version" value="11.0.6"/>
    <property name="user.dir" value="X:\code\python_project\RealisticEval-Data\envs\java"/>
    <property name="os.arch" value="amd64"/>
    <property name="java.vm.specification.name" value="Java Virtual Machine Specification"/>
    <property name="java.awt.printerjob" value="sun.awt.windows.WPrinterJob"/>
    <property name="sun.os.patch.level" value=""/>
    <property name="java.library.path" value="E:\sdk\java\bin;C:\WINDOWS\Sun\Java\bin;C:\WINDOWS\system32;C:\WINDOWS;E:\sdk\cuda_dev\bin;E:\sdk\cuda_dev\libnvvp;E:\software\vmware\bin\;C:\WINDOWS\system32;C:\WINDOWS;C:\WINDOWS\System32\Wbem;C:\WINDOWS\System32\WindowsPowerShell\v1.0\;C:\WINDOWS\System32\OpenSSH\;C:\Program Files (x86)\NVIDIA Corporation\PhysX\Common;C:\Program Files\NVIDIA Corporation\NVIDIA NvDLISR;E:\software\anaconda;E:\software\anaconda\Scripts;E:\software\anaconda\Library\bin;E:\software\git\Git\cmd;E:\sdk\golang\bin;E:\sdk\java\bin;E:\sdk\java\jre\bin;E:\sdk\maven\bin;E:\sdk\node\;E:\sdk\node\node_global\node_modules;C:\Program Files\NVIDIA Corporation\Nsight Compute 2022.3.0\;E:\sdk\cuda_dev\lib;E:\sdk\cuda_dev\include;E:\sdk\cuda_dev\libnvvp;C:\Program Files (x86)\ZeroTier\One\;E:\sdk\MinGW\bin;E:\sdk\golang\bin;C:\Users\pluto\AppData\Local\Programs\Python\Launcher\;C:\Users\pluto\AppData\Local\Microsoft\WindowsApps;E:\software\vscode\Microsoft VS Code\bin;E:\sdk\node\node_global;C:\Users\pluto\go\bin;."/>
    <property name="java.vendor" value="Oracle Corporation"/>
    <property name="java.vm.info" value="mixed mode"/>
    <property name="java.vm.version" value="11.0.6+8-LTS"/>
    <property name="sun.io.unicode.encoding" value="UnicodeLittle"/>
    <property name="java.class.version" value="55.0"/>
  </properties>
  <testcase name="test01" classname="org.rel.temp.TestTempFunc" time="0.018">
    <system-out><![CDATA[hello world
]]></system-out>
  </testcase>
</testsuite>